2025-06-02T16:40:22.526104Z [rsession-r3228917] INFO Reading rsession configuration from '/etc/rstudio/rsession.conf'
2025-06-02T16:40:23.149212Z [rsession-r3228917] INFO Set CRAN URL for session to 'https://cran.rstudio.com/' (source: preference defaults)
2025-06-02T16:40:23.886223Z [rsession-r3228917] INFO Databricks pane requires user-provided DATABRICKS_HOST and DATABRICKS_TOKEN
2025-06-02T16:40:24.322758Z [rsession-r3228917] INFO No admin notifications found at /etc/rstudio/notifications.conf
2025-06-02T16:40:24.710274Z [rsession-r3228917] INFO No keybindings/rstudio_bindings.json found at /etc/rstudio/keybindings/rstudio_bindings.json
2025-06-02T16:40:24.743848Z [rsession-r3228917] INFO No keybindings/addins.json found at /etc/rstudio/keybindings/addins.json
2025-06-02T16:40:24.744189Z [rsession-r3228917] INFO No keybindings/editor_bindings.json found at /etc/rstudio/keybindings/editor_bindings.json
2025-06-02T16:42:54.848814Z [rsession-r3228917] INFO No keybindings/addins.json found at /etc/rstudio/keybindings/addins.json
2025-06-02T16:42:54.849141Z [rsession-r3228917] INFO No keybindings/rstudio_bindings.json found at /etc/rstudio/keybindings/rstudio_bindings.json
2025-06-02T16:42:54.849433Z [rsession-r3228917] INFO No keybindings/editor_bindings.json found at /etc/rstudio/keybindings/editor_bindings.json
2025-06-02T16:44:02.768427Z [rsession-r3228917] INFO No keybindings/addins.json found at /etc/rstudio/keybindings/addins.json
2025-06-02T16:44:02.768806Z [rsession-r3228917] INFO No keybindings/editor_bindings.json found at /etc/rstudio/keybindings/editor_bindings.json
2025-06-02T16:44:02.770748Z [rsession-r3228917] INFO No keybindings/rstudio_bindings.json found at /etc/rstudio/keybindings/rstudio_bindings.json
2025-06-02T16:44:15.247066Z [rsession-r3228917] INFO No keybindings/editor_bindings.json found at /etc/rstudio/keybindings/editor_bindings.json
2025-06-02T16:44:15.247436Z [rsession-r3228917] INFO No keybindings/rstudio_bindings.json found at /etc/rstudio/keybindings/rstudio_bindings.json
2025-06-02T16:44:15.249548Z [rsession-r3228917] INFO No keybindings/addins.json found at /etc/rstudio/keybindings/addins.json
2025-06-02T16:44:29.429785Z [rsession-r3228917] INFO No keybindings/addins.json found at /etc/rstudio/keybindings/addins.json
2025-06-02T16:44:29.461502Z [rsession-r3228917] INFO No keybindings/rstudio_bindings.json found at /etc/rstudio/keybindings/rstudio_bindings.json
2025-06-02T16:44:29.461771Z [rsession-r3228917] INFO No keybindings/editor_bindings.json found at /etc/rstudio/keybindings/editor_bindings.json
2025-06-02T16:44:40.253331Z [rsession-r3228917] INFO No keybindings/addins.json found at /etc/rstudio/keybindings/addins.json
2025-06-02T16:44:40.287302Z [rsession-r3228917] INFO No keybindings/editor_bindings.json found at /etc/rstudio/keybindings/editor_bindings.json
2025-06-02T16:44:40.289620Z [rsession-r3228917] INFO No keybindings/rstudio_bindings.json found at /etc/rstudio/keybindings/rstudio_bindings.json
2025-06-02T16:44:41.548245Z [rsession-r3228917] INFO No keybindings/addins.json found at /etc/rstudio/keybindings/addins.json
2025-06-02T16:44:41.548539Z [rsession-r3228917] INFO No keybindings/rstudio_bindings.json found at /etc/rstudio/keybindings/rstudio_bindings.json
2025-06-02T16:44:41.548791Z [rsession-r3228917] INFO No keybindings/editor_bindings.json found at /etc/rstudio/keybindings/editor_bindings.json
2025-06-02T16:44:46.903258Z [rsession-r3228917] INFO No keybindings/addins.json found at /etc/rstudio/keybindings/addins.json
2025-06-02T16:44:46.903579Z [rsession-r3228917] INFO No keybindings/editor_bindings.json found at /etc/rstudio/keybindings/editor_bindings.json
2025-06-02T16:44:46.903850Z [rsession-r3228917] INFO No keybindings/rstudio_bindings.json found at /etc/rstudio/keybindings/rstudio_bindings.json
2025-06-02T16:44:49.925330Z [rsession-r3228917] INFO No keybindings/rstudio_bindings.json found at /etc/rstudio/keybindings/rstudio_bindings.json
2025-06-02T16:44:49.925688Z [rsession-r3228917] INFO No keybindings/addins.json found at /etc/rstudio/keybindings/addins.json
2025-06-02T16:44:49.944564Z [rsession-r3228917] INFO No keybindings/editor_bindings.json found at /etc/rstudio/keybindings/editor_bindings.json
2025-06-02T16:44:54.279952Z [rsession-r3228917] INFO No keybindings/editor_bindings.json found at /etc/rstudio/keybindings/editor_bindings.json
2025-06-02T16:44:54.280289Z [rsession-r3228917] INFO No keybindings/rstudio_bindings.json found at /etc/rstudio/keybindings/rstudio_bindings.json
2025-06-02T16:44:54.280606Z [rsession-r3228917] INFO No keybindings/addins.json found at /etc/rstudio/keybindings/addins.json
2025-06-02T16:44:55.530299Z [rsession-r3228917] INFO No keybindings/rstudio_bindings.json found at /etc/rstudio/keybindings/rstudio_bindings.json
2025-06-02T16:44:55.530636Z [rsession-r3228917] INFO No keybindings/editor_bindings.json found at /etc/rstudio/keybindings/editor_bindings.json
2025-06-02T16:44:55.531016Z [rsession-r3228917] INFO No keybindings/addins.json found at /etc/rstudio/keybindings/addins.json
2025-06-02T16:44:59.229354Z [rsession-r3228917] INFO No keybindings/editor_bindings.json found at /etc/rstudio/keybindings/editor_bindings.json
2025-06-02T16:44:59.229635Z [rsession-r3228917] INFO No keybindings/rstudio_bindings.json found at /etc/rstudio/keybindings/rstudio_bindings.json
2025-06-02T16:44:59.229894Z [rsession-r3228917] INFO No keybindings/addins.json found at /etc/rstudio/keybindings/addins.json
2025-06-02T16:45:03.929202Z [rsession-r3228917] INFO No keybindings/addins.json found at /etc/rstudio/keybindings/addins.json
2025-06-02T16:45:03.929558Z [rsession-r3228917] INFO No keybindings/editor_bindings.json found at /etc/rstudio/keybindings/editor_bindings.json
2025-06-02T16:45:03.929884Z [rsession-r3228917] INFO No keybindings/rstudio_bindings.json found at /etc/rstudio/keybindings/rstudio_bindings.json
2025-06-02T16:45:06.529007Z [rsession-r3228917] INFO No keybindings/rstudio_bindings.json found at /etc/rstudio/keybindings/rstudio_bindings.json
2025-06-02T16:45:06.529403Z [rsession-r3228917] INFO No keybindings/addins.json found at /etc/rstudio/keybindings/addins.json
2025-06-02T16:45:06.529920Z [rsession-r3228917] INFO No keybindings/editor_bindings.json found at /etc/rstudio/keybindings/editor_bindings.json
2025-06-02T16:45:07.902845Z [rsession-r3228917] INFO No keybindings/addins.json found at /etc/rstudio/keybindings/addins.json
2025-06-02T16:45:07.907313Z [rsession-r3228917] INFO No keybindings/editor_bindings.json found at /etc/rstudio/keybindings/editor_bindings.json
2025-06-02T16:45:07.908132Z [rsession-r3228917] INFO No keybindings/rstudio_bindings.json found at /etc/rstudio/keybindings/rstudio_bindings.json
2025-06-02T16:45:09.324099Z [rsession-r3228917] INFO No keybindings/editor_bindings.json found at /etc/rstudio/keybindings/editor_bindings.json
2025-06-02T16:45:09.324487Z [rsession-r3228917] INFO No keybindings/rstudio_bindings.json found at /etc/rstudio/keybindings/rstudio_bindings.json
2025-06-02T16:45:09.324849Z [rsession-r3228917] INFO No keybindings/addins.json found at /etc/rstudio/keybindings/addins.json
2025-06-02T16:45:11.276614Z [rsession-r3228917] INFO No keybindings/editor_bindings.json found at /etc/rstudio/keybindings/editor_bindings.json
2025-06-02T16:45:11.276946Z [rsession-r3228917] INFO No keybindings/rstudio_bindings.json found at /etc/rstudio/keybindings/rstudio_bindings.json
2025-06-02T16:45:11.277334Z [rsession-r3228917] INFO No keybindings/addins.json found at /etc/rstudio/keybindings/addins.json
2025-06-02T16:45:13.648918Z [rsession-r3228917] INFO No keybindings/rstudio_bindings.json found at /etc/rstudio/keybindings/rstudio_bindings.json
2025-06-02T16:45:13.649242Z [rsession-r3228917] INFO No keybindings/editor_bindings.json found at /etc/rstudio/keybindings/editor_bindings.json
2025-06-02T16:45:13.649524Z [rsession-r3228917] INFO No keybindings/addins.json found at /etc/rstudio/keybindings/addins.json
2025-06-02T16:45:15.854405Z [rsession-r3228917] INFO No keybindings/addins.json found at /etc/rstudio/keybindings/addins.json
2025-06-02T16:45:15.854799Z [rsession-r3228917] INFO No keybindings/editor_bindings.json found at /etc/rstudio/keybindings/editor_bindings.json
2025-06-02T16:45:15.855187Z [rsession-r3228917] INFO No keybindings/rstudio_bindings.json found at /etc/rstudio/keybindings/rstudio_bindings.json
2025-06-02T16:45:17.750945Z [rsession-r3228917] INFO No keybindings/addins.json found at /etc/rstudio/keybindings/addins.json
2025-06-02T16:45:17.751302Z [rsession-r3228917] INFO No keybindings/rstudio_bindings.json found at /etc/rstudio/keybindings/rstudio_bindings.json
2025-06-02T16:45:17.751755Z [rsession-r3228917] INFO No keybindings/editor_bindings.json found at /etc/rstudio/keybindings/editor_bindings.json
2025-06-02T16:45:19.520186Z [rsession-r3228917] INFO No keybindings/rstudio_bindings.json found at /etc/rstudio/keybindings/rstudio_bindings.json
2025-06-02T16:45:19.520566Z [rsession-r3228917] INFO No keybindings/editor_bindings.json found at /etc/rstudio/keybindings/editor_bindings.json
2025-06-02T16:45:19.520906Z [rsession-r3228917] INFO No keybindings/addins.json found at /etc/rstudio/keybindings/addins.json
2025-06-02T16:45:22.551446Z [rsession-r3228917] INFO No keybindings/addins.json found at /etc/rstudio/keybindings/addins.json
2025-06-02T16:45:22.552013Z [rsession-r3228917] INFO No keybindings/rstudio_bindings.json found at /etc/rstudio/keybindings/rstudio_bindings.json
2025-06-02T16:45:22.552341Z [rsession-r3228917] INFO No keybindings/editor_bindings.json found at /etc/rstudio/keybindings/editor_bindings.json
2025-06-02T16:46:17.845410Z [rsession-r3228917] INFO No keybindings/editor_bindings.json found at /etc/rstudio/keybindings/editor_bindings.json
2025-06-02T16:46:17.861530Z [rsession-r3228917] INFO No keybindings/rstudio_bindings.json found at /etc/rstudio/keybindings/rstudio_bindings.json
2025-06-02T16:46:17.865098Z [rsession-r3228917] INFO No keybindings/addins.json found at /etc/rstudio/keybindings/addins.json
2025-06-02T16:48:04.830458Z [rsession-r3228917] INFO Reading rsession configuration from '/etc/rstudio/rsession.conf'
2025-06-02T16:48:05.190052Z [rsession-r3228917] INFO Set CRAN URL for session to 'https://cran.rstudio.com/' (source: preference defaults)
2025-06-02T16:48:06.145446Z [rsession-r3228917] INFO Databricks pane requires user-provided DATABRICKS_HOST and DATABRICKS_TOKEN
2025-06-02T16:49:12.123101Z [rsession-r3228917] INFO No admin notifications found at /etc/rstudio/notifications.conf
2025-06-02T16:59:52.510958Z [rsession-r3228917] ERROR system error 2 (No such file or directory) [path: /cloud/project/        b.rented_bike_count]; OCCURRED AT rstudio::core::Error rstudio::core::system::realPath(const rstudio::core::FilePath&, rstudio::core::FilePath*) src/cpp/core/system/PosixSystem.cpp:165; LOGGED FROM: bool rstudio::session::module_context::isSessionTempPath(rstudio::core::FilePath) src/cpp/session/SessionModuleContext.cpp:2547
2025-06-02T17:07:25.792170Z [rsession-r3228917] INFO No keybindings/addins.json found at /etc/rstudio/keybindings/addins.json
2025-06-02T17:07:41.839467Z [rsession-r3228917] INFO No keybindings/editor_bindings.json found at /etc/rstudio/keybindings/editor_bindings.json
2025-06-02T17:07:41.840457Z [rsession-r3228917] INFO No keybindings/rstudio_bindings.json found at /etc/rstudio/keybindings/rstudio_bindings.json
2025-06-02T17:10:45.734549Z [rsession-r3228917] INFO No keybindings/addins.json found at /etc/rstudio/keybindings/addins.json
2025-06-02T17:10:45.735136Z [rsession-r3228917] INFO No keybindings/editor_bindings.json found at /etc/rstudio/keybindings/editor_bindings.json
2025-06-02T17:10:45.736102Z [rsession-r3228917] INFO No keybindings/rstudio_bindings.json found at /etc/rstudio/keybindings/rstudio_bindings.json
2025-06-02T17:11:01.180455Z [rsession-r3228917] INFO No keybindings/addins.json found at /etc/rstudio/keybindings/addins.json
2025-06-02T17:11:01.180867Z [rsession-r3228917] INFO No keybindings/rstudio_bindings.json found at /etc/rstudio/keybindings/rstudio_bindings.json
2025-06-02T17:11:01.204295Z [rsession-r3228917] INFO No keybindings/editor_bindings.json found at /etc/rstudio/keybindings/editor_bindings.json
2025-06-02T17:11:06.793313Z [rsession-r3228917] INFO No keybindings/addins.json found at /etc/rstudio/keybindings/addins.json
2025-06-02T17:11:06.793631Z [rsession-r3228917] INFO No keybindings/editor_bindings.json found at /etc/rstudio/keybindings/editor_bindings.json
2025-06-02T17:11:06.793928Z [rsession-r3228917] INFO No keybindings/rstudio_bindings.json found at /etc/rstudio/keybindings/rstudio_bindings.json
2025-06-02T17:11:10.707805Z [rsession-r3228917] INFO No keybindings/editor_bindings.json found at /etc/rstudio/keybindings/editor_bindings.json
2025-06-02T17:11:10.708244Z [rsession-r3228917] INFO No keybindings/addins.json found at /etc/rstudio/keybindings/addins.json
2025-06-02T17:11:10.708506Z [rsession-r3228917] INFO No keybindings/rstudio_bindings.json found at /etc/rstudio/keybindings/rstudio_bindings.json
2025-06-02T17:11:14.638656Z [rsession-r3228917] INFO No keybindings/rstudio_bindings.json found at /etc/rstudio/keybindings/rstudio_bindings.json
2025-06-02T17:11:14.639292Z [rsession-r3228917] INFO No keybindings/addins.json found at /etc/rstudio/keybindings/addins.json
2025-06-02T17:11:14.639886Z [rsession-r3228917] INFO No keybindings/editor_bindings.json found at /etc/rstudio/keybindings/editor_bindings.json
2025-06-02T17:11:36.331390Z [rsession-r3228917] INFO No keybindings/addins.json found at /etc/rstudio/keybindings/addins.json
2025-06-02T17:11:36.331722Z [rsession-r3228917] INFO No keybindings/rstudio_bindings.json found at /etc/rstudio/keybindings/rstudio_bindings.json
2025-06-02T17:11:36.332007Z [rsession-r3228917] INFO No keybindings/editor_bindings.json found at /etc/rstudio/keybindings/editor_bindings.json
2025-06-02T17:11:48.783888Z [rsession-r3228917] INFO No keybindings/editor_bindings.json found at /etc/rstudio/keybindings/editor_bindings.json
2025-06-02T17:11:48.784447Z [rsession-r3228917] INFO No keybindings/rstudio_bindings.json found at /etc/rstudio/keybindings/rstudio_bindings.json
2025-06-02T17:11:48.806700Z [rsession-r3228917] INFO No keybindings/addins.json found at /etc/rstudio/keybindings/addins.json
2025-06-02T17:11:51.873307Z [rsession-r3228917] INFO No keybindings/rstudio_bindings.json found at /etc/rstudio/keybindings/rstudio_bindings.json
2025-06-02T17:11:51.873623Z [rsession-r3228917] INFO No keybindings/addins.json found at /etc/rstudio/keybindings/addins.json
2025-06-02T17:11:51.892056Z [rsession-r3228917] INFO No keybindings/editor_bindings.json found at /etc/rstudio/keybindings/editor_bindings.json
2025-06-02T17:12:01.956528Z [rsession-r3228917] INFO No keybindings/addins.json found at /etc/rstudio/keybindings/addins.json
2025-06-02T17:12:01.958593Z [rsession-r3228917] INFO No keybindings/rstudio_bindings.json found at /etc/rstudio/keybindings/rstudio_bindings.json
2025-06-02T17:12:01.961711Z [rsession-r3228917] INFO No keybindings/editor_bindings.json found at /etc/rstudio/keybindings/editor_bindings.json
2025-06-02T17:12:04.015783Z [rsession-r3228917] INFO No keybindings/addins.json found at /etc/rstudio/keybindings/addins.json
2025-06-02T17:12:04.016196Z [rsession-r3228917] INFO No keybindings/rstudio_bindings.json found at /etc/rstudio/keybindings/rstudio_bindings.json
2025-06-02T17:12:04.016598Z [rsession-r3228917] INFO No keybindings/editor_bindings.json found at /etc/rstudio/keybindings/editor_bindings.json
2025-06-02T17:12:06.600271Z [rsession-r3228917] INFO No keybindings/editor_bindings.json found at /etc/rstudio/keybindings/editor_bindings.json
2025-06-02T17:12:06.600698Z [rsession-r3228917] INFO No keybindings/rstudio_bindings.json found at /etc/rstudio/keybindings/rstudio_bindings.json
2025-06-02T17:12:06.600998Z [rsession-r3228917] INFO No keybindings/addins.json found at /etc/rstudio/keybindings/addins.json
2025-06-02T17:12:08.420220Z [rsession-r3228917] INFO No keybindings/rstudio_bindings.json found at /etc/rstudio/keybindings/rstudio_bindings.json
2025-06-02T17:12:08.420606Z [rsession-r3228917] INFO No keybindings/editor_bindings.json found at /etc/rstudio/keybindings/editor_bindings.json
2025-06-02T17:12:08.421175Z [rsession-r3228917] INFO No keybindings/addins.json found at /etc/rstudio/keybindings/addins.json
2025-06-02T17:12:10.994656Z [rsession-r3228917] INFO No keybindings/addins.json found at /etc/rstudio/keybindings/addins.json
2025-06-02T17:12:10.995098Z [rsession-r3228917] INFO No keybindings/rstudio_bindings.json found at /etc/rstudio/keybindings/rstudio_bindings.json
2025-06-02T17:12:10.998012Z [rsession-r3228917] INFO No keybindings/editor_bindings.json found at /etc/rstudio/keybindings/editor_bindings.json
2025-06-02T17:12:12.446437Z [rsession-r3228917] INFO No keybindings/rstudio_bindings.json found at /etc/rstudio/keybindings/rstudio_bindings.json
2025-06-02T17:12:12.446789Z [rsession-r3228917] INFO No keybindings/addins.json found at /etc/rstudio/keybindings/addins.json
2025-06-02T17:12:12.447133Z [rsession-r3228917] INFO No keybindings/editor_bindings.json found at /etc/rstudio/keybindings/editor_bindings.json
2025-06-02T17:12:14.472950Z [rsession-r3228917] INFO No keybindings/addins.json found at /etc/rstudio/keybindings/addins.json
2025-06-02T17:12:14.475491Z [rsession-r3228917] INFO No keybindings/editor_bindings.json found at /etc/rstudio/keybindings/editor_bindings.json
2025-06-02T17:12:14.479106Z [rsession-r3228917] INFO No keybindings/rstudio_bindings.json found at /etc/rstudio/keybindings/rstudio_bindings.json
2025-06-02T17:12:15.724794Z [rsession-r3228917] INFO No keybindings/addins.json found at /etc/rstudio/keybindings/addins.json
2025-06-02T17:12:15.725346Z [rsession-r3228917] INFO No keybindings/rstudio_bindings.json found at /etc/rstudio/keybindings/rstudio_bindings.json
2025-06-02T17:12:15.725685Z [rsession-r3228917] INFO No keybindings/editor_bindings.json found at /etc/rstudio/keybindings/editor_bindings.json
2025-06-02T17:12:17.384221Z [rsession-r3228917] INFO No keybindings/rstudio_bindings.json found at /etc/rstudio/keybindings/rstudio_bindings.json
2025-06-02T17:12:17.385948Z [rsession-r3228917] INFO No keybindings/addins.json found at /etc/rstudio/keybindings/addins.json
2025-06-02T17:12:17.387483Z [rsession-r3228917] INFO No keybindings/editor_bindings.json found at /etc/rstudio/keybindings/editor_bindings.json
2025-06-02T17:12:18.701349Z [rsession-r3228917] INFO No keybindings/rstudio_bindings.json found at /etc/rstudio/keybindings/rstudio_bindings.json
2025-06-02T17:12:18.701738Z [rsession-r3228917] INFO No keybindings/editor_bindings.json found at /etc/rstudio/keybindings/editor_bindings.json
2025-06-02T17:12:18.702055Z [rsession-r3228917] INFO No keybindings/addins.json found at /etc/rstudio/keybindings/addins.json
2025-06-02T17:12:20.489203Z [rsession-r3228917] INFO No keybindings/addins.json found at /etc/rstudio/keybindings/addins.json
2025-06-02T17:12:20.489645Z [rsession-r3228917] INFO No keybindings/rstudio_bindings.json found at /etc/rstudio/keybindings/rstudio_bindings.json
2025-06-02T17:12:20.489985Z [rsession-r3228917] INFO No keybindings/editor_bindings.json found at /etc/rstudio/keybindings/editor_bindings.json
2025-06-02T17:12:21.772664Z [rsession-r3228917] INFO No keybindings/addins.json found at /etc/rstudio/keybindings/addins.json
2025-06-02T17:12:21.773075Z [rsession-r3228917] INFO No keybindings/editor_bindings.json found at /etc/rstudio/keybindings/editor_bindings.json
2025-06-02T17:12:21.773644Z [rsession-r3228917] INFO No keybindings/rstudio_bindings.json found at /etc/rstudio/keybindings/rstudio_bindings.json
2025-06-02T17:12:23.858626Z [rsession-r3228917] INFO No keybindings/addins.json found at /etc/rstudio/keybindings/addins.json
2025-06-02T17:12:23.864715Z [rsession-r3228917] INFO No keybindings/editor_bindings.json found at /etc/rstudio/keybindings/editor_bindings.json
2025-06-02T17:12:23.866581Z [rsession-r3228917] INFO No keybindings/rstudio_bindings.json found at /etc/rstudio/keybindings/rstudio_bindings.json
2025-06-02T17:12:25.055839Z [rsession-r3228917] INFO No keybindings/addins.json found at /etc/rstudio/keybindings/addins.json
2025-06-02T17:12:25.056184Z [rsession-r3228917] INFO No keybindings/editor_bindings.json found at /etc/rstudio/keybindings/editor_bindings.json
2025-06-02T17:12:25.057466Z [rsession-r3228917] INFO No keybindings/rstudio_bindings.json found at /etc/rstudio/keybindings/rstudio_bindings.json
2025-06-02T17:12:26.956403Z [rsession-r3228917] INFO No keybindings/editor_bindings.json found at /etc/rstudio/keybindings/editor_bindings.json
2025-06-02T17:12:26.956906Z [rsession-r3228917] INFO No keybindings/addins.json found at /etc/rstudio/keybindings/addins.json
2025-06-02T17:12:26.957249Z [rsession-r3228917] INFO No keybindings/rstudio_bindings.json found at /etc/rstudio/keybindings/rstudio_bindings.json
2025-06-02T17:12:41.915876Z [rsession-r3228917] INFO No keybindings/rstudio_bindings.json found at /etc/rstudio/keybindings/rstudio_bindings.json
2025-06-02T17:12:41.916227Z [rsession-r3228917] INFO No keybindings/addins.json found at /etc/rstudio/keybindings/addins.json
2025-06-02T17:12:41.916787Z [rsession-r3228917] INFO No keybindings/editor_bindings.json found at /etc/rstudio/keybindings/editor_bindings.json
2025-06-02T17:13:31.166547Z [rsession-r3228917] INFO No keybindings/addins.json found at /etc/rstudio/keybindings/addins.json
2025-06-02T17:13:31.167900Z [rsession-r3228917] INFO No keybindings/editor_bindings.json found at /etc/rstudio/keybindings/editor_bindings.json
2025-06-02T17:13:31.170073Z [rsession-r3228917] INFO No keybindings/rstudio_bindings.json found at /etc/rstudio/keybindings/rstudio_bindings.json
2025-06-02T18:27:23.762147Z [rsession-r3228917] INFO Lowered CPU priority during suspend
2025-06-02T19:17:33.256720Z [rsession-r3228917] INFO Reading rsession configuration from '/etc/rstudio/rsession.conf'
2025-06-02T19:17:33.973096Z [rsession-r3228917] INFO Set CRAN URL for session to 'https://cran.rstudio.com/' (source: preference defaults)
2025-06-02T19:17:36.819898Z [rsession-r3228917] INFO Databricks pane requires user-provided DATABRICKS_HOST and DATABRICKS_TOKEN
2025-06-02T19:17:43.760019Z [rsession-r3228917] INFO No admin notifications found at /etc/rstudio/notifications.conf
2025-06-02T19:17:45.122549Z [rsession-r3228917] INFO No keybindings/addins.json found at /etc/rstudio/keybindings/addins.json
2025-06-02T19:17:45.182035Z [rsession-r3228917] INFO No keybindings/rstudio_bindings.json found at /etc/rstudio/keybindings/rstudio_bindings.json
2025-06-02T19:17:45.207677Z [rsession-r3228917] INFO No keybindings/editor_bindings.json found at /etc/rstudio/keybindings/editor_bindings.json
2025-06-02T19:42:29.220249Z [rsession-r3228917] INFO Lowered CPU priority during suspend
2025-06-06T15:45:35.166661Z [rsession-r3228917] INFO Reading rsession configuration from '/etc/rstudio/rsession.conf'
2025-06-06T15:45:35.669087Z [rsession-r3228917] INFO Set CRAN URL for session to 'https://cran.rstudio.com/' (source: preference defaults)
2025-06-06T15:45:38.515720Z [rsession-r3228917] INFO Databricks pane requires user-provided DATABRICKS_HOST and DATABRICKS_TOKEN
2025-06-06T15:45:45.040508Z [rsession-r3228917] INFO No admin notifications found at /etc/rstudio/notifications.conf
2025-06-06T15:45:45.748861Z [rsession-r3228917] INFO No keybindings/addins.json found at /etc/rstudio/keybindings/addins.json
2025-06-06T15:45:45.751630Z [rsession-r3228917] INFO No keybindings/rstudio_bindings.json found at /etc/rstudio/keybindings/rstudio_bindings.json
2025-06-06T15:45:45.752778Z [rsession-r3228917] INFO No keybindings/editor_bindings.json found at /etc/rstudio/keybindings/editor_bindings.json
2025-06-06T15:47:44.657964Z [rsession-r3228917] INFO No keybindings/addins.json found at /etc/rstudio/keybindings/addins.json
2025-06-06T15:47:44.660004Z [rsession-r3228917] INFO No keybindings/editor_bindings.json found at /etc/rstudio/keybindings/editor_bindings.json
2025-06-06T15:47:44.660351Z [rsession-r3228917] INFO No keybindings/rstudio_bindings.json found at /etc/rstudio/keybindings/rstudio_bindings.json
2025-06-06T16:02:54.881552Z [rsession-r3228917] INFO Lowered CPU priority during suspend
2025-06-06T16:16:54.401901Z [rsession-r3228917] INFO Reading rsession configuration from '/etc/rstudio/rsession.conf'
2025-06-06T16:16:54.881847Z [rsession-r3228917] INFO Set CRAN URL for session to 'https://cran.rstudio.com/' (source: preference defaults)
2025-06-06T16:16:57.521845Z [rsession-r3228917] INFO Databricks pane requires user-provided DATABRICKS_HOST and DATABRICKS_TOKEN
2025-06-06T16:17:04.313874Z [rsession-r3228917] INFO No admin notifications found at /etc/rstudio/notifications.conf
2025-06-06T16:17:05.651746Z [rsession-r3228917] INFO No keybindings/rstudio_bindings.json found at /etc/rstudio/keybindings/rstudio_bindings.json
2025-06-06T16:17:05.700026Z [rsession-r3228917] INFO No keybindings/addins.json found at /etc/rstudio/keybindings/addins.json
2025-06-06T16:17:05.723746Z [rsession-r3228917] INFO No keybindings/editor_bindings.json found at /etc/rstudio/keybindings/editor_bindings.json
2025-06-06T16:41:02.586199Z [rsession-r3228917] INFO Lowered CPU priority during suspend
2025-06-07T16:00:31.151834Z [rsession-r3228917] INFO Reading rsession configuration from '/etc/rstudio/rsession.conf'
2025-06-07T16:00:32.274337Z [rsession-r3228917] INFO Set CRAN URL for session to 'https://cran.rstudio.com/' (source: preference defaults)
2025-06-07T16:00:35.147478Z [rsession-r3228917] INFO Databricks pane requires user-provided DATABRICKS_HOST and DATABRICKS_TOKEN
2025-06-07T16:00:41.955485Z [rsession-r3228917] INFO No admin notifications found at /etc/rstudio/notifications.conf
2025-06-07T16:00:43.344702Z [rsession-r3228917] INFO No keybindings/addins.json found at /etc/rstudio/keybindings/addins.json
2025-06-07T16:00:43.369458Z [rsession-r3228917] INFO No keybindings/rstudio_bindings.json found at /etc/rstudio/keybindings/rstudio_bindings.json
2025-06-07T16:00:43.395455Z [rsession-r3228917] INFO No keybindings/editor_bindings.json found at /etc/rstudio/keybindings/editor_bindings.json
2025-06-07T17:36:35.056815Z [rsession-r3228917] INFO SessionTimeoutSuspendBlocked error -1 (Session attempted to suspend, due to timeout, but was blocked) [username: r3228917, session_id: 178c98d3, suspend_timeout_minutes_setting: 15, blocking_operations: [
    "Waiting for event: console_input",
    "Active external data pointer"
], blocking_ops_start_time: 2025-Jun-07 16:21:15]; OCCURRED AT void rstudio::session::suspend::logBlockingOps(const rstudio::core::json::Array&) src/cpp/session/SessionSuspend.cpp:191
2025-06-07T18:00:22.788204Z [rsession-r3228917] INFO Lowered CPU priority during suspend
2025-06-14T04:02:45.415800Z [rsession-r3228917] INFO Reading rsession configuration from '/etc/rstudio/rsession.conf'
2025-06-14T04:02:45.708217Z [rsession-r3228917] INFO Set CRAN URL for session to 'https://cran.rstudio.com/' (source: preference defaults)
2025-06-14T04:02:48.445724Z [rsession-r3228917] INFO Databricks pane requires user-provided DATABRICKS_HOST and DATABRICKS_TOKEN
2025-06-14T04:02:55.390606Z [rsession-r3228917] INFO No admin notifications found at /etc/rstudio/notifications.conf
2025-06-14T04:02:56.713868Z [rsession-r3228917] INFO No keybindings/editor_bindings.json found at /etc/rstudio/keybindings/editor_bindings.json
2025-06-14T04:02:56.745774Z [rsession-r3228917] INFO No keybindings/rstudio_bindings.json found at /etc/rstudio/keybindings/rstudio_bindings.json
2025-06-14T04:02:56.839698Z [rsession-r3228917] INFO No keybindings/addins.json found at /etc/rstudio/keybindings/addins.json
2025-06-14T04:18:09.363742Z [rsession-r3228917] INFO SessionTimeoutSuspendBlocked error -1 (Session attempted to suspend, due to timeout, but was blocked) [username: r3228917, session_id: 178c98d3, suspend_timeout_minutes_setting: 15, blocking_operations: [
    "Active external data pointer",
    "Waiting for event: console_input"
], blocking_ops_start_time: 2025-Jun-14 04:03:00]; OCCURRED AT void rstudio::session::suspend::logBlockingOps(const rstudio::core::json::Array&) src/cpp/session/SessionSuspend.cpp:191
2025-06-14T05:32:37.858477Z [rsession-r3228917] INFO Lowered CPU priority during suspend
2025-06-14T15:32:17.044983Z [rsession-r3228917] INFO Reading rsession configuration from '/etc/rstudio/rsession.conf'
2025-06-14T15:32:17.653525Z [rsession-r3228917] INFO Set CRAN URL for session to 'https://cran.rstudio.com/' (source: preference defaults)
2025-06-14T15:32:20.531871Z [rsession-r3228917] INFO Databricks pane requires user-provided DATABRICKS_HOST and DATABRICKS_TOKEN
2025-06-14T15:32:27.126746Z [rsession-r3228917] INFO No admin notifications found at /etc/rstudio/notifications.conf
2025-06-14T15:32:33.965887Z [rsession-r3228917] INFO No keybindings/addins.json found at /etc/rstudio/keybindings/addins.json
2025-06-14T15:32:33.966329Z [rsession-r3228917] INFO No keybindings/rstudio_bindings.json found at /etc/rstudio/keybindings/rstudio_bindings.json
2025-06-14T15:32:33.969571Z [rsession-r3228917] INFO No keybindings/editor_bindings.json found at /etc/rstudio/keybindings/editor_bindings.json
2025-06-14T15:35:34.210777Z [rsession-r3228917] INFO No keybindings/editor_bindings.json found at /etc/rstudio/keybindings/editor_bindings.json
2025-06-14T15:35:34.211161Z [rsession-r3228917] INFO No keybindings/rstudio_bindings.json found at /etc/rstudio/keybindings/rstudio_bindings.json
2025-06-14T15:35:34.211572Z [rsession-r3228917] INFO No keybindings/addins.json found at /etc/rstudio/keybindings/addins.json
2025-06-14T15:40:54.596065Z [rsession-r3228917] INFO No keybindings/rstudio_bindings.json found at /etc/rstudio/keybindings/rstudio_bindings.json
2025-06-14T15:40:54.596487Z [rsession-r3228917] INFO No keybindings/editor_bindings.json found at /etc/rstudio/keybindings/editor_bindings.json
2025-06-14T15:40:54.596932Z [rsession-r3228917] INFO No keybindings/addins.json found at /etc/rstudio/keybindings/addins.json
2025-06-14T16:13:02.043996Z [rsession-r3228917] WARNING Event session_file_download data was truncated; LOGGED FROM: rstudio::monitor::Event::Event(int, int, const string&, const string&, PidType, rstudio_boost::posix_time::ptime) src/cpp/monitor/events/Event.cpp:50
2025-06-14T16:13:02.044448Z [rsession-r3228917] WARNING Event session_file_download data was truncated; LOGGED FROM: rstudio::monitor::Event::Event(int, int, const string&, const string&, PidType, rstudio_boost::posix_time::ptime) src/cpp/monitor/events/Event.cpp:50
2025-06-14T16:21:59.942538Z [rsession-r3228917] INFO Reading rsession configuration from '/etc/rstudio/rsession.conf'
2025-06-14T16:22:00.652904Z [rsession-r3228917] INFO Set CRAN URL for session to 'https://cran.rstudio.com/' (source: preference defaults)
2025-06-14T16:22:03.573653Z [rsession-r3228917] INFO Databricks pane requires user-provided DATABRICKS_HOST and DATABRICKS_TOKEN
2025-06-14T16:22:03.773223Z [rsession-r3228917] ERROR The previous R session terminated abnormally; LOGGED FROM: rstudio::core::Error {anonymous}::rInit(const rstudio::r::session::RInitInfo&) src/cpp/session/SessionMain.cpp:746
2025-06-14T16:22:09.650506Z [rsession-r3228917] INFO No admin notifications found at /etc/rstudio/notifications.conf
2025-06-14T16:22:10.562569Z [rsession-r3228917] INFO No keybindings/addins.json found at /etc/rstudio/keybindings/addins.json
2025-06-14T16:22:10.563007Z [rsession-r3228917] INFO No keybindings/editor_bindings.json found at /etc/rstudio/keybindings/editor_bindings.json
2025-06-14T16:22:10.563421Z [rsession-r3228917] INFO No keybindings/rstudio_bindings.json found at /etc/rstudio/keybindings/rstudio_bindings.json
2025-06-14T16:27:19.728579Z [rsession-r3228917] INFO No keybindings/addins.json found at /etc/rstudio/keybindings/addins.json
2025-06-14T16:29:02.427459Z [rsession-r3228917] INFO No keybindings/addins.json found at /etc/rstudio/keybindings/addins.json
2025-06-14T16:29:41.165852Z [rsession-r3228917] INFO No keybindings/addins.json found at /etc/rstudio/keybindings/addins.json
2025-06-14T16:30:40.360455Z [rsession-r3228917] INFO No keybindings/addins.json found at /etc/rstudio/keybindings/addins.json
2025-06-14T16:31:29.070597Z [rsession-r3228917] INFO No keybindings/addins.json found at /etc/rstudio/keybindings/addins.json
2025-06-14T16:32:14.921106Z [rsession-r3228917] INFO No keybindings/addins.json found at /etc/rstudio/keybindings/addins.json
2025-06-14T16:32:39.706340Z [rsession-r3228917] INFO No keybindings/addins.json found at /etc/rstudio/keybindings/addins.json
2025-06-14T16:34:02.025181Z [rsession-r3228917] INFO No keybindings/addins.json found at /etc/rstudio/keybindings/addins.json
2025-06-14T16:34:10.954127Z [rsession-r3228917] INFO No keybindings/rstudio_bindings.json found at /etc/rstudio/keybindings/rstudio_bindings.json
2025-06-14T16:34:10.970265Z [rsession-r3228917] INFO No keybindings/editor_bindings.json found at /etc/rstudio/keybindings/editor_bindings.json
